<?xml version="1.0" encoding="UTF-8"?>
<testng-results skipped="0" failed="0" ignored="1" total="1" passed="0">
  <reporter-output>
  </reporter-output>
  <suite name="Surefire suite" duration-ms="23" started-at="2019-07-09T02:06:01Z" finished-at="2019-07-09T02:06:01Z">
    <groups>
    </groups>
    <test name="Surefire test" duration-ms="23" started-at="2019-07-09T02:06:01Z" finished-at="2019-07-09T02:06:01Z">
      <class name="TestBase.BaseTest">
        <test-method status="PASS" signature="log()[pri:0, instance:TestBase.BaseTest@dfd3711]" name="log" is-config="true" duration-ms="20" started-at="2019-07-09T02:06:01Z" finished-at="2019-07-09T02:06:01Z">
          <reporter-output>
          </reporter-output>
        </test-method> <!-- log -->
      </class> <!-- TestBase.BaseTest -->
    </test> <!-- Surefire test -->
  </suite> <!-- Surefire suite -->
</testng-results>
