<?xml version="1.0" encoding="UTF-8"?>
<testng-results skipped="0" failed="0" ignored="0" total="1" passed="1">
  <reporter-output>
  </reporter-output>
  <suite name="Default suite" duration-ms="13488" started-at="2019-07-09T03:50:17Z" finished-at="2019-07-09T03:50:31Z">
    <groups>
      <group name="cucumber">
        <method signature="AbstractTestNGCucumberTests.feature(cucumber.api.testng.CucumberFeatureWrapper)[pri:0, instance:TestRunner.USARunner$MyTestRunner@3c0ecd4b]" name="feature" class="cucumber.api.testng.AbstractTestNGCucumberTests"/>
      </group> <!-- cucumber -->
    </groups>
    <test name="Default test" duration-ms="13488" started-at="2019-07-09T03:50:17Z" finished-at="2019-07-09T03:50:31Z">
      <class name="TestRunner.USARunner$MyTestRunner">
        <test-method status="PASS" signature="setUpClass()[pri:0, instance:TestRunner.USARunner$MyTestRunner@3c0ecd4b]" name="setUpClass" is-config="true" duration-ms="233" started-at="2019-07-08T22:50:17Z" finished-at="2019-07-08T22:50:18Z">
          <reporter-output>
          </reporter-output>
        </test-method> <!-- setUpClass -->
        <test-method status="PASS" signature="feature(cucumber.api.testng.CucumberFeatureWrapper)[pri:0, instance:TestRunner.USARunner$MyTestRunner@3c0ecd4b]" name="feature" duration-ms="13025" started-at="2019-07-08T22:50:18Z" description="Runs Cucumber Feature" data-provider="features" finished-at="2019-07-08T22:50:31Z">
          <params>
            <param index="0">
              <value>
                <![CDATA[Home Functionality]]>
              </value>
            </param>
          </params>
          <reporter-output>
          </reporter-output>
        </test-method> <!-- feature -->
        <test-method status="PASS" signature="tearDownClass()[pri:0, instance:TestRunner.USARunner$MyTestRunner@3c0ecd4b]" name="tearDownClass" is-config="true" duration-ms="135" started-at="2019-07-08T22:50:31Z" finished-at="2019-07-08T22:50:31Z">
          <reporter-output>
          </reporter-output>
        </test-method> <!-- tearDownClass -->
      </class> <!-- TestRunner.USARunner$MyTestRunner -->
    </test> <!-- Default test -->
  </suite> <!-- Default suite -->
</testng-results>
